C:\USERS\LEMON\DESKTOP\STAFFINFORMATION\DEBUG\STAFFINFORMATION.EXE
C:\USERS\LEMON\DESKTOP\STAFFINFORMATION\DEBUG\STAFFINFORMATION.ILK
C:\USERS\LEMON\DESKTOP\STAFFINFORMATION\DEBUG\STAFFINFORMATION.PDB
C:\Users\lemon\Desktop\staffInformation\staffInformation\Debug\cl.command.1.tlog
C:\Users\lemon\Desktop\staffInformation\staffInformation\Debug\CL.read.1.tlog
C:\Users\lemon\Desktop\staffInformation\staffInformation\Debug\CL.write.1.tlog
C:\USERS\LEMON\DESKTOP\STAFFINFORMATION\STAFFINFORMATION\DEBUG\INFORMATION.OBJ
C:\Users\lemon\Desktop\staffInformation\staffInformation\Debug\link.11560.read.1.tlog
C:\Users\lemon\Desktop\staffInformation\staffInformation\Debug\link.11560.write.1.tlog
C:\Users\lemon\Desktop\staffInformation\staffInformation\Debug\link.11560-cvtres.read.1.tlog
C:\Users\lemon\Desktop\staffInformation\staffInformation\Debug\link.11560-cvtres.write.1.tlog
C:\Users\lemon\Desktop\staffInformation\staffInformation\Debug\link.command.1.tlog
C:\Users\lemon\Desktop\staffInformation\staffInformation\Debug\link.read.1.tlog
C:\Users\lemon\Desktop\staffInformation\staffInformation\Debug\link.write.1.tlog
C:\Users\lemon\Desktop\staffInformation\staffInformation\Debug\link-cvtres.read.1.tlog
C:\Users\lemon\Desktop\staffInformation\staffInformation\Debug\link-cvtres.write.1.tlog
C:\USERS\LEMON\DESKTOP\STAFFINFORMATION\STAFFINFORMATION\DEBUG\MAINTEXT.OBJ
C:\Users\lemon\Desktop\staffInformation\staffInformation\Debug\mt.command.1.tlog
C:\Users\lemon\Desktop\staffInformation\staffInformation\Debug\mt.read.1.tlog
C:\Users\lemon\Desktop\staffInformation\staffInformation\Debug\mt.write.1.tlog
C:\Users\lemon\Desktop\staffInformation\staffInformation\Debug\rc.command.1.tlog
C:\Users\lemon\Desktop\staffInformation\staffInformation\Debug\rc.read.1.tlog
C:\Users\lemon\Desktop\staffInformation\staffInformation\Debug\rc.write.1.tlog
C:\USERS\LEMON\DESKTOP\STAFFINFORMATION\STAFFINFORMATION\DEBUG\STAFFINFORMATION.EXE.EMBED.MANIFEST
C:\USERS\LEMON\DESKTOP\STAFFINFORMATION\STAFFINFORMATION\DEBUG\STAFFINFORMATION.EXE.EMBED.MANIFEST.RES
C:\USERS\LEMON\DESKTOP\STAFFINFORMATION\STAFFINFORMATION\DEBUG\STAFFINFORMATION.EXE.INTERMEDIATE.MANIFEST
C:\Users\lemon\Desktop\staffInformation\staffInformation\Debug\staffInformation.write.1.tlog
C:\Users\lemon\Desktop\staffInformation\staffInformation\Debug\staffInformation_manifest.rc
C:\Users\lemon\Desktop\staffInformation\staffInformation\Debug\vc100.idb
C:\USERS\LEMON\DESKTOP\STAFFINFORMATION\STAFFINFORMATION\DEBUG\VC100.PDB
